app/build/intermediates/manifest_merge_blame_file/debug/manifest-merger-blame-debug-report.txt
1<?xml version="1.0" encoding="utf-8"?>
2<manifest xmlns:android="http://schemas.android.com/apk/res/android"
3    xmlns:dist="http://schemas.android.com/apk/distribution"
4    package="com.alpha.test.persebayaapp"
5    android:versionCode="20"
6    android:versionName="1.0.20" >
7
8    <uses-sdk
9        android:minSdkVersion="17"
9-->src/main/AndroidManifest.xml
10        android:targetSdkVersion="28" />
10-->src/main/AndroidManifest.xml
11
12    <uses-permission android:name="android.permission.INTERNET" />
12-->src/main/AndroidManifest.xml:6:5-67
12-->src/main/AndroidManifest.xml:6:22-64
13    <!-- <uses-permission android:name="android.permission.GET_ACCOUNTS" /> -->
14    <uses-permission android:name="android.permission.ACCESS_NETWORK_STATE" />
14-->src/main/AndroidManifest.xml:8:5-79
14-->src/main/AndroidManifest.xml:8:22-76
15    <uses-permission android:name="android.permission.ACCESS_WIFI_STATE" />
15-->src/main/AndroidManifest.xml:9:5-76
15-->src/main/AndroidManifest.xml:9:22-73
16    <uses-permission android:name="android.permission.WRITE_EXTERNAL_STORAGE" />
16-->src/main/AndroidManifest.xml:10:5-81
16-->src/main/AndroidManifest.xml:10:22-78
17
18    <dist:module dist:instant="true" />
18-->src/main/AndroidManifest.xml:11:5-40
18-->src/main/AndroidManifest.xml:11:18-37
19
20    <uses-permission android:name="android.permission.INTERNET" />
20-->src/main/AndroidManifest.xml:6:5-67
20-->src/main/AndroidManifest.xml:6:22-64
21    <!-- <uses-permission android:name="android.permission.GET_ACCOUNTS" /> -->
22    <uses-permission android:name="android.permission.ACCESS_NETWORK_STATE" />
22-->src/main/AndroidManifest.xml:8:5-79
22-->src/main/AndroidManifest.xml:8:22-76
23    <uses-permission android:name="android.permission.ACCESS_WIFI_STATE" />
23-->src/main/AndroidManifest.xml:9:5-76
23-->src/main/AndroidManifest.xml:9:22-73
24    <uses-permission android:name="android.permission.WRITE_EXTERNAL_STORAGE" />
24-->src/main/AndroidManifest.xml:10:5-81
24-->src/main/AndroidManifest.xml:10:22-78
25    <uses-permission android:name="android.permission.ACCESS_FINE_LOCATION" />
25-->[com.oogbox.api:odoo:1.0.4] AndroidManifest.xml:13:5-79
25-->[com.oogbox.api:odoo:1.0.4] AndroidManifest.xml:13:22-76
26    <uses-permission android:name="android.permission.WAKE_LOCK" />
26-->[com.google.firebase:firebase-measurement-connector-impl:17.0.5] AndroidManifest.xml:24:5-68
26-->[com.google.firebase:firebase-measurement-connector-impl:17.0.5] AndroidManifest.xml:24:22-65
27    <uses-permission android:name="com.google.android.finsky.permission.BIND_GET_INSTALL_REFERRER_SERVICE" /> <!-- Required by older versions of Google Play services to create IID tokens -->
27-->[com.google.firebase:firebase-analytics:16.3.0] AndroidManifest.xml:26:5-110
27-->[com.google.firebase:firebase-analytics:16.3.0] AndroidManifest.xml:26:22-107
28    <uses-permission android:name="com.google.android.c2dm.permission.RECEIVE" />
28-->[com.google.firebase:firebase-iid:17.1.0] AndroidManifest.xml:26:5-82
28-->[com.google.firebase:firebase-iid:17.1.0] AndroidManifest.xml:26:22-79
29
30    <application
30-->src/main/AndroidManifest.xml:12:5-107:19
31        android:name="android.support.multidex.MultiDexApplication"
32        android:allowBackup="true"
32-->src/main/AndroidManifest.xml:13:9-35
33        android:appComponentFactory="android.support.v4.app.CoreComponentFactory"
33-->[com.android.support:support-compat:28.0.0] AndroidManifest.xml:22:18-91
34        android:debuggable="true"
35        android:icon="@mipmap/ic_launcher"
35-->src/main/AndroidManifest.xml:14:9-43
36        android:label="@string/app_name"
36-->src/main/AndroidManifest.xml:15:9-41
37        android:largeHeap="true"
37-->src/main/AndroidManifest.xml:16:9-33
38        android:roundIcon="@mipmap/ic_launcher_round"
38-->src/main/AndroidManifest.xml:17:9-54
39        android:supportsRtl="true"
39-->src/main/AndroidManifest.xml:18:9-35
40        android:testOnly="true"
41        android:theme="@style/AppTheme"
41-->src/main/AndroidManifest.xml:19:9-40
42        android:usesCleartextTraffic="true" >
42-->src/main/AndroidManifest.xml:20:9-44
43        <activity android:name="com.alpha.test.persebayaapp.LupaPasswordActivity" />
43-->src/main/AndroidManifest.xml:21:9-67
43-->src/main/AndroidManifest.xml:21:19-55
44        <activity android:name="com.alpha.test.persebayaapp.DonationAddActivity" />
44-->src/main/AndroidManifest.xml:22:9-57
44-->src/main/AndroidManifest.xml:22:19-54
45        <activity
45-->src/main/AndroidManifest.xml:23:9-25:58
46            android:name="com.alpha.test.persebayaapp.DonationDetailActivity"
46-->src/main/AndroidManifest.xml:24:13-51
47            android:parentActivityName="com.alpha.test.persebayaapp.MainActivity" />
47-->src/main/AndroidManifest.xml:25:13-55
48        <activity
48-->src/main/AndroidManifest.xml:26:9-28:58
49            android:name="com.alpha.test.persebayaapp.NotifikasiActivity"
49-->src/main/AndroidManifest.xml:27:13-47
50            android:parentActivityName="com.alpha.test.persebayaapp.MainActivity" />
50-->src/main/AndroidManifest.xml:28:13-55
51        <activity
51-->src/main/AndroidManifest.xml:29:9-31:58
52            android:name="com.alpha.test.persebayaapp.DonationActivity"
52-->src/main/AndroidManifest.xml:30:13-45
53            android:parentActivityName="com.alpha.test.persebayaapp.MainActivity" />
53-->src/main/AndroidManifest.xml:31:13-55
54        <activity
54-->src/main/AndroidManifest.xml:32:9-34:58
55            android:name="com.alpha.test.persebayaapp.TicketBarcodeActivity"
55-->src/main/AndroidManifest.xml:33:13-50
56            android:parentActivityName="com.alpha.test.persebayaapp.MainActivity" />
56-->src/main/AndroidManifest.xml:34:13-55
57        <activity
57-->src/main/AndroidManifest.xml:35:9-37:58
58            android:name="com.alpha.test.persebayaapp.AccountCoinActivity"
58-->src/main/AndroidManifest.xml:36:13-48
59            android:parentActivityName="com.alpha.test.persebayaapp.MainActivity" />
59-->src/main/AndroidManifest.xml:37:13-55
60        <activity
60-->src/main/AndroidManifest.xml:38:9-40:58
61            android:name="com.alpha.test.persebayaapp.RatingLineUpActivity"
61-->src/main/AndroidManifest.xml:39:13-49
62            android:parentActivityName="com.alpha.test.persebayaapp.MainActivity" />
62-->src/main/AndroidManifest.xml:40:13-55
63        <activity
63-->src/main/AndroidManifest.xml:41:9-43:58
64            android:name="com.alpha.test.persebayaapp.AccountAuctionActivity"
64-->src/main/AndroidManifest.xml:42:13-51
65            android:parentActivityName="com.alpha.test.persebayaapp.MainActivity" />
65-->src/main/AndroidManifest.xml:43:13-55
66        <activity
66-->src/main/AndroidManifest.xml:44:9-46:58
67            android:name="com.alpha.test.persebayaapp.AccountStoreActivity"
67-->src/main/AndroidManifest.xml:45:13-49
68            android:parentActivityName="com.alpha.test.persebayaapp.MainActivity" />
68-->src/main/AndroidManifest.xml:46:13-55
69        <activity
69-->src/main/AndroidManifest.xml:47:9-49:58
70            android:name="com.alpha.test.persebayaapp.TeamDetailActivity"
70-->src/main/AndroidManifest.xml:48:13-47
71            android:parentActivityName="com.alpha.test.persebayaapp.MainActivity" />
71-->src/main/AndroidManifest.xml:49:13-55
72        <activity
72-->src/main/AndroidManifest.xml:50:9-59:20
73            android:name="com.alpha.test.persebayaapp.MainActivity"
73-->src/main/AndroidManifest.xml:51:13-41
74            android:label="@string/app_name"
74-->src/main/AndroidManifest.xml:52:13-45
75            android:theme="@style/Theme.AppCompat.Light.NoActionBar" >
75-->src/main/AndroidManifest.xml:53:13-69
76            <intent-filter>
76-->src/main/AndroidManifest.xml:54:13-58:29
77                <action android:name="android.intent.action.MAIN" />
77-->src/main/AndroidManifest.xml:55:17-69
77-->src/main/AndroidManifest.xml:55:25-66
78
79                <category android:name="android.intent.category.LAUNCHER" />
79-->src/main/AndroidManifest.xml:57:17-77
79-->src/main/AndroidManifest.xml:57:27-74
80            </intent-filter>
81        </activity>
82        <activity android:name="com.alpha.test.persebayaapp.HomeActivity" />
82-->src/main/AndroidManifest.xml:60:9-50
82-->src/main/AndroidManifest.xml:60:19-47
83        <activity android:name="com.alpha.test.persebayaapp.LoginActivity" />
83-->src/main/AndroidManifest.xml:61:9-51
83-->src/main/AndroidManifest.xml:61:19-48
84        <activity android:name="com.alpha.test.persebayaapp.SingUpActivity" />
84-->src/main/AndroidManifest.xml:62:9-52
84-->src/main/AndroidManifest.xml:62:19-49
85        <activity
85-->src/main/AndroidManifest.xml:63:9-65:58
86            android:name="com.alpha.test.persebayaapp.TicketActivity"
86-->src/main/AndroidManifest.xml:64:13-43
87            android:parentActivityName="com.alpha.test.persebayaapp.MainActivity" />
87-->src/main/AndroidManifest.xml:65:13-55
88        <activity
88-->src/main/AndroidManifest.xml:66:9-68:58
89            android:name="com.alpha.test.persebayaapp.BeritaDetailActivity"
89-->src/main/AndroidManifest.xml:67:13-49
90            android:parentActivityName="com.alpha.test.persebayaapp.MainActivity" />
90-->src/main/AndroidManifest.xml:68:13-55
91        <activity
91-->src/main/AndroidManifest.xml:69:9-71:58
92            android:name="com.alpha.test.persebayaapp.StoreDetailActivity"
92-->src/main/AndroidManifest.xml:70:13-48
93            android:parentActivityName="com.alpha.test.persebayaapp.MainActivity" />
93-->src/main/AndroidManifest.xml:71:13-55
94        <activity
94-->src/main/AndroidManifest.xml:72:9-74:58
95            android:name="com.alpha.test.persebayaapp.LelangDetailActivity"
95-->src/main/AndroidManifest.xml:73:13-49
96            android:parentActivityName="com.alpha.test.persebayaapp.MainActivity" />
96-->src/main/AndroidManifest.xml:74:13-55
97        <activity
97-->src/main/AndroidManifest.xml:75:9-77:58
98            android:name="com.alpha.test.persebayaapp.ClubDetailActivity"
98-->src/main/AndroidManifest.xml:76:13-47
99            android:parentActivityName="com.alpha.test.persebayaapp.MainActivity" />
99-->src/main/AndroidManifest.xml:77:13-55
100        <activity
100-->src/main/AndroidManifest.xml:78:9-80:58
101            android:name="com.alpha.test.persebayaapp.AccountEditActivity"
101-->src/main/AndroidManifest.xml:79:13-48
102            android:parentActivityName="com.alpha.test.persebayaapp.MainActivity" />
102-->src/main/AndroidManifest.xml:80:13-55
103        <activity android:name="com.alpha.test.persebayaapp.LelangAddActivity" />
103-->src/main/AndroidManifest.xml:81:9-55
103-->src/main/AndroidManifest.xml:81:19-52
104        <activity android:name="com.alpha.test.persebayaapp.StoreAddActivity" />
104-->src/main/AndroidManifest.xml:82:9-54
104-->src/main/AndroidManifest.xml:82:19-51
105        <activity
105-->src/main/AndroidManifest.xml:83:9-85:58
106            android:name="com.alpha.test.persebayaapp.TicketDetailActivity"
106-->src/main/AndroidManifest.xml:84:13-49
107            android:parentActivityName="com.alpha.test.persebayaapp.MainActivity" />
107-->src/main/AndroidManifest.xml:85:13-55
108        <activity
108-->src/main/AndroidManifest.xml:86:9-88:58
109            android:name="com.alpha.test.persebayaapp.CheckoutActivity"
109-->src/main/AndroidManifest.xml:87:13-45
110            android:parentActivityName="com.alpha.test.persebayaapp.MainActivity" />
110-->src/main/AndroidManifest.xml:88:13-55
111        <activity
111-->src/main/AndroidManifest.xml:89:9-91:58
112            android:name="com.alpha.test.persebayaapp.MatchDetailActivity"
112-->src/main/AndroidManifest.xml:90:13-48
113            android:parentActivityName="com.alpha.test.persebayaapp.MainActivity" />
113-->src/main/AndroidManifest.xml:91:13-55
114
115        <meta-data
115-->src/main/AndroidManifest.xml:93:9-95:184
116            android:name="com.google.firebase.API_KEY"
116-->src/main/AndroidManifest.xml:94:13-55
117            android:value="AAAAWPlkJyo:APA91bHmPKB2KnBiyOXhnKoA8-hRO1VoNNQmoopwrst1TAoSVKIxoOioQzf_dH53QkZ5uk41L4yOP32Bev7bqTqvEHvyNGhj_rkfAvGhlHJJTY5FndNR9D0mV44DHNyQisrzGGob6kRO" /> <!-- <meta-data -->
117-->src/main/AndroidManifest.xml:95:13-181
118        <!-- android:name="com.google.firebase.API_KEY" -->
119        <!-- android:value="AIzaSyBs7_jSfy2oazQ4_j0TKcZ9FiKBj6Fx6AA" /> -->
120        <meta-data
120-->src/main/AndroidManifest.xml:98:9-100:57
121            android:name="preloaded_fonts"
121-->src/main/AndroidManifest.xml:99:13-43
122            android:resource="@array/preloaded_fonts" />
122-->src/main/AndroidManifest.xml:100:13-54
123
124        <service android:name="com.alpha.test.persebayaapp.MyFirebaseMessagingService" >
124-->src/main/AndroidManifest.xml:102:9-106:19
124-->src/main/AndroidManifest.xml:102:18-60
125            <intent-filter>
125-->src/main/AndroidManifest.xml:103:13-105:29
126                <action android:name="com.google.firebase.MESSAGING_EVENT" />
126-->src/main/AndroidManifest.xml:104:17-78
126-->src/main/AndroidManifest.xml:104:25-75
127            </intent-filter>
128        </service>
129
130        <activity
130-->[pub.devrel:easypermissions:0.3.0] AndroidManifest.xml:12:9-16:66
131            android:name="pub.devrel.easypermissions.AppSettingsDialogHolderActivity"
131-->[pub.devrel:easypermissions:0.3.0] AndroidManifest.xml:13:13-86
132            android:exported="false"
132-->[pub.devrel:easypermissions:0.3.0] AndroidManifest.xml:14:13-37
133            android:label=""
133-->[pub.devrel:easypermissions:0.3.0] AndroidManifest.xml:15:13-29
134            android:theme="@style/EasyPermissions.Transparent" />
134-->[pub.devrel:easypermissions:0.3.0] AndroidManifest.xml:16:13-63
135        <!--
136             FirebaseMessagingService performs security checks at runtime,
137             no need for explicit permissions despite exported="true"
138        -->
139        <service
139-->[com.google.firebase:firebase-messaging:17.4.0] AndroidManifest.xml:28:9-34:19
140            android:name="com.google.firebase.messaging.FirebaseMessagingService"
140-->[com.google.firebase:firebase-messaging:17.4.0] AndroidManifest.xml:29:13-82
141            android:exported="true" >
141-->[com.google.firebase:firebase-messaging:17.4.0] AndroidManifest.xml:30:13-36
142            <intent-filter android:priority="-500" >
142-->src/main/AndroidManifest.xml:103:13-105:29
143                <action android:name="com.google.firebase.MESSAGING_EVENT" />
143-->src/main/AndroidManifest.xml:104:17-78
143-->src/main/AndroidManifest.xml:104:25-75
144            </intent-filter>
145        </service>
146        <service
146-->[com.google.firebase:firebase-measurement-connector-impl:17.0.5] AndroidManifest.xml:27:9-31:19
147            android:name="com.google.firebase.components.ComponentDiscoveryService"
147-->[com.google.firebase:firebase-measurement-connector-impl:17.0.5] AndroidManifest.xml:27:18-89
148            android:exported="false" >
148-->[com.google.firebase:firebase-iid:17.1.0] AndroidManifest.xml:31:13-37
149            <meta-data
149-->[com.google.firebase:firebase-measurement-connector-impl:17.0.5] AndroidManifest.xml:28:13-30:85
150                android:name="com.google.firebase.components:com.google.firebase.analytics.connector.internal.AnalyticsConnectorRegistrar"
150-->[com.google.firebase:firebase-measurement-connector-impl:17.0.5] AndroidManifest.xml:29:17-139
151                android:value="com.google.firebase.components.ComponentRegistrar" />
151-->[com.google.firebase:firebase-measurement-connector-impl:17.0.5] AndroidManifest.xml:30:17-82
152            <meta-data
152-->[com.google.firebase:firebase-iid:17.1.0] AndroidManifest.xml:32:13-34:85
153                android:name="com.google.firebase.components:com.google.firebase.iid.Registrar"
153-->[com.google.firebase:firebase-iid:17.1.0] AndroidManifest.xml:33:17-96
154                android:value="com.google.firebase.components.ComponentRegistrar" />
154-->[com.google.firebase:firebase-iid:17.1.0] AndroidManifest.xml:34:17-82
155        </service>
156
157        <receiver
157-->[com.google.firebase:firebase-analytics:16.3.0] AndroidManifest.xml:29:9-33:20
158            android:name="com.google.android.gms.measurement.AppMeasurementReceiver"
158-->[com.google.firebase:firebase-analytics:16.3.0] AndroidManifest.xml:30:13-85
159            android:enabled="true"
159-->[com.google.firebase:firebase-analytics:16.3.0] AndroidManifest.xml:31:13-35
160            android:exported="false" >
160-->[com.google.firebase:firebase-analytics:16.3.0] AndroidManifest.xml:32:13-37
161        </receiver>
162        <receiver
162-->[com.google.firebase:firebase-analytics:16.3.0] AndroidManifest.xml:34:9-42:20
163            android:name="com.google.android.gms.measurement.AppMeasurementInstallReferrerReceiver"
163-->[com.google.firebase:firebase-analytics:16.3.0] AndroidManifest.xml:35:13-100
164            android:enabled="true"
164-->[com.google.firebase:firebase-analytics:16.3.0] AndroidManifest.xml:36:13-35
165            android:exported="true"
165-->[com.google.firebase:firebase-analytics:16.3.0] AndroidManifest.xml:37:13-36
166            android:permission="android.permission.INSTALL_PACKAGES" >
166-->[com.google.firebase:firebase-analytics:16.3.0] AndroidManifest.xml:38:13-69
167            <intent-filter>
167-->[com.google.firebase:firebase-analytics:16.3.0] AndroidManifest.xml:39:13-41:29
168                <action android:name="com.android.vending.INSTALL_REFERRER" />
168-->[com.google.firebase:firebase-analytics:16.3.0] AndroidManifest.xml:40:17-79
168-->[com.google.firebase:firebase-analytics:16.3.0] AndroidManifest.xml:40:25-76
169            </intent-filter>
170        </receiver>
171
172        <service
172-->[com.google.firebase:firebase-analytics:16.3.0] AndroidManifest.xml:44:9-47:40
173            android:name="com.google.android.gms.measurement.AppMeasurementService"
173-->[com.google.firebase:firebase-analytics:16.3.0] AndroidManifest.xml:45:13-84
174            android:enabled="true"
174-->[com.google.firebase:firebase-analytics:16.3.0] AndroidManifest.xml:46:13-35
175            android:exported="false" />
175-->[com.google.firebase:firebase-analytics:16.3.0] AndroidManifest.xml:47:13-37
176        <service
176-->[com.google.firebase:firebase-analytics:16.3.0] AndroidManifest.xml:48:9-52:72
177            android:name="com.google.android.gms.measurement.AppMeasurementJobService"
177-->[com.google.firebase:firebase-analytics:16.3.0] AndroidManifest.xml:49:13-87
178            android:enabled="true"
178-->[com.google.firebase:firebase-analytics:16.3.0] AndroidManifest.xml:50:13-35
179            android:exported="false"
179-->[com.google.firebase:firebase-analytics:16.3.0] AndroidManifest.xml:51:13-37
180            android:permission="android.permission.BIND_JOB_SERVICE" />
180-->[com.google.firebase:firebase-analytics:16.3.0] AndroidManifest.xml:52:13-69
181
182        <receiver
182-->[com.google.firebase:firebase-iid:17.1.0] AndroidManifest.xml:37:9-44:20
183            android:name="com.google.firebase.iid.FirebaseInstanceIdReceiver"
183-->[com.google.firebase:firebase-iid:17.1.0] AndroidManifest.xml:38:13-78
184            android:exported="true"
184-->[com.google.firebase:firebase-iid:17.1.0] AndroidManifest.xml:39:13-36
185            android:permission="com.google.android.c2dm.permission.SEND" >
185-->[com.google.firebase:firebase-iid:17.1.0] AndroidManifest.xml:40:13-73
186            <intent-filter>
186-->[com.google.firebase:firebase-iid:17.1.0] AndroidManifest.xml:41:13-43:29
187                <action android:name="com.google.android.c2dm.intent.RECEIVE" />
187-->[com.google.firebase:firebase-iid:17.1.0] AndroidManifest.xml:42:17-81
187-->[com.google.firebase:firebase-iid:17.1.0] AndroidManifest.xml:42:25-78
188            </intent-filter>
189        </receiver>
190        <!--
191             FirebaseInstanceIdService performs security checks at runtime,
192             no need for explicit permissions despite exported="true"
193        -->
194        <service
194-->[com.google.firebase:firebase-iid:17.1.0] AndroidManifest.xml:50:9-56:19
195            android:name="com.google.firebase.iid.FirebaseInstanceIdService"
195-->[com.google.firebase:firebase-iid:17.1.0] AndroidManifest.xml:51:13-77
196            android:exported="true" >
196-->[com.google.firebase:firebase-iid:17.1.0] AndroidManifest.xml:52:13-36
197            <intent-filter android:priority="-500" >
197-->[com.google.firebase:firebase-iid:17.1.0] AndroidManifest.xml:53:13-55:29
197-->[com.google.firebase:firebase-iid:17.1.0] AndroidManifest.xml:53:28-51
198                <action android:name="com.google.firebase.INSTANCE_ID_EVENT" />
198-->[com.google.firebase:firebase-iid:17.1.0] AndroidManifest.xml:54:17-80
198-->[com.google.firebase:firebase-iid:17.1.0] AndroidManifest.xml:54:25-77
199            </intent-filter>
200        </service>
201
202        <provider
202-->[com.google.firebase:firebase-common:16.0.3] AndroidManifest.xml:10:9-14:39
203            android:name="com.google.firebase.provider.FirebaseInitProvider"
203-->[com.google.firebase:firebase-common:16.0.3] AndroidManifest.xml:11:13-77
204            android:authorities="com.alpha.test.persebayaapp.firebaseinitprovider"
204-->[com.google.firebase:firebase-common:16.0.3] AndroidManifest.xml:12:13-72
205            android:exported="false"
205-->[com.google.firebase:firebase-common:16.0.3] AndroidManifest.xml:13:13-37
206            android:initOrder="100" />
206-->[com.google.firebase:firebase-common:16.0.3] AndroidManifest.xml:14:13-36
207
208        <activity
208-->[com.google.android.gms:play-services-base:16.0.1] AndroidManifest.xml:23:9-26:75
209            android:name="com.google.android.gms.common.api.GoogleApiActivity"
209-->[com.google.android.gms:play-services-base:16.0.1] AndroidManifest.xml:24:13-79
210            android:exported="false"
210-->[com.google.android.gms:play-services-base:16.0.1] AndroidManifest.xml:25:13-37
211            android:theme="@android:style/Theme.Translucent.NoTitleBar" />
211-->[com.google.android.gms:play-services-base:16.0.1] AndroidManifest.xml:26:13-72
212
213        <meta-data
213-->[com.google.android.gms:play-services-basement:16.0.1] AndroidManifest.xml:23:9-25:69
214            android:name="com.google.android.gms.version"
214-->[com.google.android.gms:play-services-basement:16.0.1] AndroidManifest.xml:24:13-58
215            android:value="@integer/google_play_services_version" />
215-->[com.google.android.gms:play-services-basement:16.0.1] AndroidManifest.xml:25:13-66
216    </application>
217
218</manifest>